<?xml version="1.0" encoding="UTF-8"?>
<testng-results skipped="0" failed="0" total="0" passed="0">
  <reporter-output>
  </reporter-output>
  <suite name="com.app.exterms.personal.server.service.Psnl0114ServiceImplTest" duration-ms="1" started-at="2023-12-13T02:11:25Z" finished-at="2023-12-13T02:11:25Z">
    <groups>
    </groups>
    <test name="Command line test" duration-ms="1" started-at="2023-12-13T02:11:25Z" finished-at="2023-12-13T02:11:25Z">
    </test> <!-- Command line test -->
  </suite> <!-- com.app.exterms.personal.server.service.Psnl0114ServiceImplTest -->
</testng-results>
