<?xml version="1.0" encoding="UTF-8"?>
<testng-results skipped="0" failed="0" total="0" passed="0">
  <reporter-output>
  </reporter-output>
  <suite name="org.gwtrpcspring.mapping.TranslatorTest" duration-ms="2" started-at="2023-12-13T01:55:09Z" finished-at="2023-12-13T01:55:09Z">
    <groups>
    </groups>
    <test name="Command line test" duration-ms="2" started-at="2023-12-13T01:55:09Z" finished-at="2023-12-13T01:55:09Z">
    </test> <!-- Command line test -->
  </suite> <!-- org.gwtrpcspring.mapping.TranslatorTest -->
</testng-results>
