<?xml version="1.0" encoding="UTF-8"?>
<testng-results skipped="0" failed="0" total="0" passed="0">
  <reporter-output>
  </reporter-output>
  <suite name="com.app.smrmf.testng.spring.TestSpring" duration-ms="1" started-at="2023-12-13T01:55:11Z" finished-at="2023-12-13T01:55:11Z">
    <groups>
    </groups>
    <test name="Command line test" duration-ms="1" started-at="2023-12-13T01:55:11Z" finished-at="2023-12-13T01:55:11Z">
    </test> <!-- Command line test -->
  </suite> <!-- com.app.smrmf.testng.spring.TestSpring -->
</testng-results>
